<?xml version="1.0" encoding="UTF-8"?>
<testng-results skipped="0" failed="0" total="1" passed="1">
  <reporter-output>
  </reporter-output>
  <suite name="Default suite" duration-ms="6448" started-at="2016-10-18T06:42:58Z" finished-at="2016-10-18T06:43:05Z">
    <groups>
    </groups>
    <test name="Default test" duration-ms="6448" started-at="2016-10-18T06:42:58Z" finished-at="2016-10-18T06:43:05Z">
      <class name="com.automation.test.ApplicationLogin">
        <test-method status="PASS" signature="InitializeTestIteration()[pri:0, instance:com.automation.test.ApplicationLogin@2a5ca609]" name="InitializeTestIteration" is-config="true" duration-ms="3883" started-at="2016-10-18T12:12:58Z" finished-at="2016-10-18T12:13:02Z">
          <reporter-output>
          </reporter-output>
        </test-method> <!-- InitializeTestIteration -->
        <test-method status="PASS" signature="SampleTestMethod()[pri:0, instance:com.automation.test.ApplicationLogin@2a5ca609]" name="SampleTestMethod" duration-ms="1736" started-at="2016-10-18T12:13:02Z" finished-at="2016-10-18T12:13:04Z">
          <reporter-output>
          </reporter-output>
        </test-method> <!-- SampleTestMethod -->
        <test-method status="PASS" signature="tearDown()[pri:0, instance:com.automation.test.ApplicationLogin@2a5ca609]" name="tearDown" is-config="true" duration-ms="808" started-at="2016-10-18T12:13:04Z" finished-at="2016-10-18T12:13:05Z">
          <reporter-output>
          </reporter-output>
        </test-method> <!-- tearDown -->
        <test-method status="PASS" signature="flush()[pri:0, instance:com.automation.test.ApplicationLogin@2a5ca609]" name="flush" is-config="true" duration-ms="224" started-at="2016-10-18T12:13:05Z" finished-at="2016-10-18T12:13:05Z">
          <reporter-output>
          </reporter-output>
        </test-method> <!-- flush -->
      </class> <!-- com.automation.test.ApplicationLogin -->
    </test> <!-- Default test -->
  </suite> <!-- Default suite -->
</testng-results>
